# JRE version: Java(TM) SE Runtime Environment 18.9 (11.0.12+8) (build 11.0.12+8-LTS-237)
# Java VM: Java HotSpot(TM) 64-Bit Server VM 18.9 (11.0.12+8-LTS-237, mixed mode, tiered, compressed oops, g1 gc, windows-amd64)
Heap:
 garbage-first heap   total 262144K, used 125721K [0x0000000701400000, 0x0000000800000000)
  region size 1024K, 73 young (74752K), 20 survivors (20480K)
 Metaspace       used 53125K, capacity 54935K, committed 55120K, reserved 1097728K
  class space    used 6668K, capacity 7360K, committed 7424K, reserved 1048576K
GC Heap History (10 events):
Event: 212.694 GC heap before
{Heap before GC invocations=78 (full 0):
 garbage-first heap   total 262144K, used 183451K [0x0000000701400000, 0x0000000800000000)
  region size 1024K, 153 young (156672K), 2 survivors (2048K)
 Metaspace       used 53059K, capacity 54817K, committed 55120K, reserved 1097728K
  class space    used 6657K, capacity 7348K, committed 7424K, reserved 1048576K
}
Event: 212.696 GC heap after
{Heap after GC invocations=79 (full 0):
 garbage-first heap   total 262144K, used 28811K [0x0000000701400000, 0x0000000800000000)
  region size 1024K, 1 young (1024K), 1 survivors (1024K)
 Metaspace       used 53059K, capacity 54817K, committed 55120K, reserved 1097728K
  class space    used 6657K, capacity 7348K, committed 7424K, reserved 1048576K
}
Event: 214.030 GC heap before
{Heap before GC invocations=79 (full 0):
 garbage-first heap   total 262144K, used 184459K [0x0000000701400000, 0x0000000800000000)
  region size 1024K, 153 young (156672K), 1 survivors (1024K)
 Metaspace       used 53059K, capacity 54817K, committed 55120K, reserved 1097728K
  class space    used 6657K, capacity 7348K, committed 7424K, reserved 1048576K
}
Event: 214.031 GC heap after
{Heap after GC invocations=80 (full 0):
 garbage-first heap   total 262144K, used 28811K [0x0000000701400000, 0x0000000800000000)
  region size 1024K, 1 young (1024K), 1 survivors (1024K)
 Metaspace       used 53059K, capacity 54817K, committed 55120K, reserved 1097728K
  class space    used 6657K, capacity 7348K, committed 7424K, reserved 1048576K
}
Event: 215.537 GC heap before
{Heap before GC invocations=80 (full 0):
 garbage-first heap   total 262144K, used 184459K [0x0000000701400000, 0x0000000800000000)
  region size 1024K, 153 young (156672K), 1 survivors (1024K)
 Metaspace       used 53059K, capacity 54817K, committed 55120K, reserved 1097728K
  class space    used 6657K, capacity 7348K, committed 7424K, reserved 1048576K
}
Event: 215.538 GC heap after
{Heap after GC invocations=81 (full 0):
 garbage-first heap   total 262144K, used 28770K [0x0000000701400000, 0x0000000800000000)
  region size 1024K, 1 young (1024K), 1 survivors (1024K)
 Metaspace       used 53059K, capacity 54817K, committed 55120K, reserved 1097728K
  class space    used 6657K, capacity 7348K, committed 7424K, reserved 1048576K
}
Event: 216.995 GC heap before
{Heap before GC invocations=81 (full 0):
 garbage-first heap   total 262144K, used 184418K [0x0000000701400000, 0x0000000800000000)
  region size 1024K, 153 young (156672K), 1 survivors (1024K)
 Metaspace       used 53059K, capacity 54817K, committed 55120K, reserved 1097728K
  class space    used 6657K, capacity 7348K, committed 7424K, reserved 1048576K
}
Event: 216.996 GC heap after
{Heap after GC invocations=82 (full 0):
 garbage-first heap   total 262144K, used 28496K [0x0000000701400000, 0x0000000800000000)
  region size 1024K, 1 young (1024K), 1 survivors (1024K)
 Metaspace       used 53059K, capacity 54817K, committed 55120K, reserved 1097728K
  class space    used 6657K, capacity 7348K, committed 7424K, reserved 1048576K
}
Event: 2190.652 GC heap before
{Heap before GC invocations=82 (full 0):
 garbage-first heap   total 262144K, used 183120K [0x0000000701400000, 0x0000000800000000)
  region size 1024K, 153 young (156672K), 1 survivors (1024K)
 Metaspace       used 53098K, capacity 54868K, committed 55120K, reserved 1097728K
  class space    used 6664K, capacity 7359K, committed 7424K, reserved 1048576K
}
Event: 2190.670 GC heap after
{Heap after GC invocations=83 (full 0):
 garbage-first heap   total 262144K, used 72473K [0x0000000701400000, 0x0000000800000000)
  region size 1024K, 20 young (20480K), 20 survivors (20480K)
 Metaspace       used 53098K, capacity 54868K, committed 55120K, reserved 1097728K
  class space    used 6664K, capacity 7359K, committed 7424K, reserved 1048576K
}

